{
	"/Users/mac/Workspace/Dat/react18_setup/src/App.jsx": {
		"path": "/Users/mac/Workspace/Dat/react18_setup/src/App.jsx",
		"statementMap": {
			"0": {
				"start": { "line": 3, "column": 12 },
				"end": { "line": 5, "column": 1 }
			},
			"1": {
				"start": { "line": 4, "column": 1 },
				"end": { "line": 4, "column": 47 }
			}
		},
		"fnMap": {
			"0": {
				"name": "(anonymous_0)",
				"decl": {
					"start": { "line": 3, "column": 12 },
					"end": { "line": 3, "column": 13 }
				},
				"loc": {
					"start": { "line": 3, "column": 18 },
					"end": { "line": 5, "column": 1 }
				},
				"line": 3
			}
		},
		"branchMap": {},
		"s": { "0": 1, "1": 1 },
		"f": { "0": 1 },
		"b": {},
		"_coverageSchema": "1a1c01bbd47fc00a2c39e90264f33305004495a9",
		"hash": "5bccddb5b79a76e68a651f72015be20e5658a69e"
	}
}
